d:\work\abertay\cmp303\lab2\lab2\client\debug\vc142.pdb
d:\work\abertay\cmp303\lab2\lab2\client\debug\vc142.idb
d:\work\abertay\cmp303\lab2\lab2\client\debug\client.obj
d:\abertay\msc\2202875\cmp501-network game development\practicals\lab 01 - basic tcp sockets (18.09.23)\lab_1_tcp_sockets\client\debug\vc143.pdb
d:\abertay\msc\2202875\cmp501-network game development\practicals\lab 01 - basic tcp sockets (18.09.23)\lab_1_tcp_sockets\client\debug\vc143.idb
d:\abertay\msc\2202875\cmp501-network game development\practicals\lab 01 - basic tcp sockets (18.09.23)\lab_1_tcp_sockets\client\debug\client.obj
d:\work\abertay\cmp303\lab2\lab2\client\debug\client.exe
d:\work\abertay\cmp303\lab2\lab2\client\debug\client.ilk
d:\work\abertay\cmp303\lab2\lab2\client\debug\client.pdb
d:\abertay\msc\2202875\cmp501-network game development\practicals\lab 01 - basic tcp sockets (18.09.23)\lab_1_tcp_sockets\client\debug\client.exe
d:\abertay\msc\2202875\cmp501-network game development\practicals\lab 01 - basic tcp sockets (18.09.23)\lab_1_tcp_sockets\client\debug\client.ilk
d:\abertay\msc\2202875\cmp501-network game development\practicals\lab 01 - basic tcp sockets (18.09.23)\lab_1_tcp_sockets\client\debug\client.pdb
d:\abertay\msc\2202875\cmp501-network game development\practicals\lab 01 - basic tcp sockets (18.09.23)\lab_1_tcp_sockets\client\debug\vc142.idb
d:\abertay\msc\2202875\cmp501-network game development\practicals\lab 01 - basic tcp sockets (18.09.23)\lab_1_tcp_sockets\client\debug\vc142.pdb
d:\abertay\msc\2202875\cmp501-network game development\practicals\lab 01 - basic tcp sockets (18.09.23)\lab_1_tcp_sockets\client\debug\client.tlog\cl.command.1.tlog
d:\abertay\msc\2202875\cmp501-network game development\practicals\lab 01 - basic tcp sockets (18.09.23)\lab_1_tcp_sockets\client\debug\client.tlog\cl.items.tlog
d:\abertay\msc\2202875\cmp501-network game development\practicals\lab 01 - basic tcp sockets (18.09.23)\lab_1_tcp_sockets\client\debug\client.tlog\cl.read.1.tlog
d:\abertay\msc\2202875\cmp501-network game development\practicals\lab 01 - basic tcp sockets (18.09.23)\lab_1_tcp_sockets\client\debug\client.tlog\cl.write.1.tlog
d:\abertay\msc\2202875\cmp501-network game development\practicals\lab 01 - basic tcp sockets (18.09.23)\lab_1_tcp_sockets\client\debug\client.tlog\link.command.1.tlog
d:\abertay\msc\2202875\cmp501-network game development\practicals\lab 01 - basic tcp sockets (18.09.23)\lab_1_tcp_sockets\client\debug\client.tlog\link.read.1.tlog
d:\abertay\msc\2202875\cmp501-network game development\practicals\lab 01 - basic tcp sockets (18.09.23)\lab_1_tcp_sockets\client\debug\client.tlog\link.write.1.tlog
