d:\work\abertay\cmp303\lab2\lab2\server\debug\vc142.pdb
d:\work\abertay\cmp303\lab2\lab2\server\debug\vc142.idb
d:\work\abertay\cmp303\lab2\lab2\server\debug\server.obj
d:\abertay\msc\2202875\cmp501-network game development\practicals\lab 01 - basic tcp sockets (18.09.23)\lab_1_tcp_sockets\server\debug\vc143.pdb
d:\abertay\msc\2202875\cmp501-network game development\practicals\lab 01 - basic tcp sockets (18.09.23)\lab_1_tcp_sockets\server\debug\vc143.idb
d:\abertay\msc\2202875\cmp501-network game development\practicals\lab 01 - basic tcp sockets (18.09.23)\lab_1_tcp_sockets\server\debug\server.obj
d:\work\abertay\cmp303\lab2\lab2\server\debug\server.ilk
d:\work\abertay\cmp303\lab2\lab2\server\debug\server.exe
d:\work\abertay\cmp303\lab2\lab2\server\debug\server.pdb
d:\abertay\msc\2202875\cmp501-network game development\practicals\lab 01 - basic tcp sockets (18.09.23)\lab_1_tcp_sockets\server\debug\server.exe
d:\abertay\msc\2202875\cmp501-network game development\practicals\lab 01 - basic tcp sockets (18.09.23)\lab_1_tcp_sockets\server\debug\server.ilk
d:\abertay\msc\2202875\cmp501-network game development\practicals\lab 01 - basic tcp sockets (18.09.23)\lab_1_tcp_sockets\server\debug\server.pdb
d:\abertay\msc\2202875\cmp501-network game development\practicals\lab 01 - basic tcp sockets (18.09.23)\lab_1_tcp_sockets\server\debug\vc142.idb
d:\abertay\msc\2202875\cmp501-network game development\practicals\lab 01 - basic tcp sockets (18.09.23)\lab_1_tcp_sockets\server\debug\vc142.pdb
d:\abertay\msc\2202875\cmp501-network game development\practicals\lab 01 - basic tcp sockets (18.09.23)\lab_1_tcp_sockets\server\debug\server.tlog\cl.command.1.tlog
d:\abertay\msc\2202875\cmp501-network game development\practicals\lab 01 - basic tcp sockets (18.09.23)\lab_1_tcp_sockets\server\debug\server.tlog\cl.items.tlog
d:\abertay\msc\2202875\cmp501-network game development\practicals\lab 01 - basic tcp sockets (18.09.23)\lab_1_tcp_sockets\server\debug\server.tlog\cl.read.1.tlog
d:\abertay\msc\2202875\cmp501-network game development\practicals\lab 01 - basic tcp sockets (18.09.23)\lab_1_tcp_sockets\server\debug\server.tlog\cl.write.1.tlog
d:\abertay\msc\2202875\cmp501-network game development\practicals\lab 01 - basic tcp sockets (18.09.23)\lab_1_tcp_sockets\server\debug\server.tlog\link.command.1.tlog
d:\abertay\msc\2202875\cmp501-network game development\practicals\lab 01 - basic tcp sockets (18.09.23)\lab_1_tcp_sockets\server\debug\server.tlog\link.read.1.tlog
d:\abertay\msc\2202875\cmp501-network game development\practicals\lab 01 - basic tcp sockets (18.09.23)\lab_1_tcp_sockets\server\debug\server.tlog\link.write.1.tlog
