m:\msc\2202875-computer-games-technology\cmp502-programming for games\practicals\lab 02 - (27.09.23)\tutorial 2\engine\bin\desktop_2015\x64\debug\directxtksimplesample_2015.pch
m:\msc\2202875-computer-games-technology\cmp502-programming for games\practicals\lab 02 - (27.09.23)\tutorial 2\engine\bin\desktop_2015\x64\debug\vc143.pdb
m:\msc\2202875-computer-games-technology\cmp502-programming for games\practicals\lab 02 - (27.09.23)\tutorial 2\engine\bin\desktop_2015\x64\debug\vc143.idb
m:\msc\2202875-computer-games-technology\cmp502-programming for games\practicals\lab 02 - (27.09.23)\tutorial 2\engine\bin\desktop_2015\x64\debug\pch.obj
m:\msc\2202875-computer-games-technology\cmp502-programming for games\practicals\lab 02 - (27.09.23)\tutorial 2\engine\bin\desktop_2015\x64\debug\main.obj
m:\msc\2202875-computer-games-technology\cmp502-programming for games\practicals\lab 02 - (27.09.23)\tutorial 2\engine\bin\desktop_2015\x64\debug\game.obj
m:\msc\2202875-computer-games-technology\cmp502-programming for games\practicals\lab 02 - (27.09.23)\tutorial 2\engine\bin\desktop_2015\x64\debug\deviceresources.obj
m:\msc\2202875-computer-games-technology\cmp502-programming for games\practicals\lab 02 - (27.09.23)\tutorial 2\engine\bin\desktop_2015\x64\debug\directxtksimplesample_2015.lib
m:\msc\2202875-computer-games-technology\cmp502-programming for games\practicals\lab 02 - (27.09.23)\tutorial 2\engine\bin\desktop_2015\x64\debug\directxtksimplesample_2015.exp
m:\msc\2202875-computer-games-technology\cmp502-programming for games\practicals\lab 02 - (27.09.23)\tutorial 2\engine\bin\desktop_2015\x64\debug\directxtksimplesample_2015.exe
m:\msc\2202875-computer-games-technology\cmp502-programming for games\practicals\lab 02 - (27.09.23)\tutorial 2\engine\bin\desktop_2015\x64\debug\directxtksimplesample_2015.ilk
m:\msc\2202875-computer-games-technology\cmp502-programming for games\practicals\lab 02 - (27.09.23)\tutorial 2\engine\bin\desktop_2015\x64\debug\directxtksimplesample_2015.pdb
m:\msc\2202875-computer-games-technology\cmp502-programming for games\practicals\lab 02 - (27.09.23)\tutorial 2\engine\bin\desktop_2015\x64\debug\directxtksimplesample_2015.exe.embed.manifest.res
m:\msc\2202875-computer-games-technology\cmp502-programming for games\practicals\lab 02 - (27.09.23)\tutorial 2\engine\bin\desktop_2015\x64\debug\directxtksimplesample_2015.exe.embed.manifest
m:\msc\2202875-computer-games-technology\cmp502-programming for games\practicals\lab 02 - (27.09.23)\tutorial 2\engine\bin\desktop_2015\x64\debug\resource.res
m:\msc\2202875-computer-games-technology\cmp502-programming for games\practicals\lab 02 - (27.09.23)\tutorial 2\engine\bin\desktop_2015\x64\debug\directxtksimplesample_2015_manifest.rc
m:\msc\2202875-computer-games-technology\cmp502-programming for games\practicals\lab 02 - (27.09.23)\tutorial 2\engine\bin\desktop_2015\x64\debug\directxt.2c4f0429.tlog\cl.command.1.tlog
m:\msc\2202875-computer-games-technology\cmp502-programming for games\practicals\lab 02 - (27.09.23)\tutorial 2\engine\bin\desktop_2015\x64\debug\directxt.2c4f0429.tlog\cl.items.tlog
m:\msc\2202875-computer-games-technology\cmp502-programming for games\practicals\lab 02 - (27.09.23)\tutorial 2\engine\bin\desktop_2015\x64\debug\directxt.2c4f0429.tlog\cl.read.1.tlog
m:\msc\2202875-computer-games-technology\cmp502-programming for games\practicals\lab 02 - (27.09.23)\tutorial 2\engine\bin\desktop_2015\x64\debug\directxt.2c4f0429.tlog\cl.write.1.tlog
m:\msc\2202875-computer-games-technology\cmp502-programming for games\practicals\lab 02 - (27.09.23)\tutorial 2\engine\bin\desktop_2015\x64\debug\directxt.2c4f0429.tlog\link.command.1.tlog
m:\msc\2202875-computer-games-technology\cmp502-programming for games\practicals\lab 02 - (27.09.23)\tutorial 2\engine\bin\desktop_2015\x64\debug\directxt.2c4f0429.tlog\link.read.1.tlog
m:\msc\2202875-computer-games-technology\cmp502-programming for games\practicals\lab 02 - (27.09.23)\tutorial 2\engine\bin\desktop_2015\x64\debug\directxt.2c4f0429.tlog\link.write.1.tlog
m:\msc\2202875-computer-games-technology\cmp502-programming for games\practicals\lab 02 - (27.09.23)\tutorial 2\engine\bin\desktop_2015\x64\debug\directxt.2c4f0429.tlog\link.write.2u.tlog
m:\msc\2202875-computer-games-technology\cmp502-programming for games\practicals\lab 02 - (27.09.23)\tutorial 2\engine\bin\desktop_2015\x64\debug\directxt.2c4f0429.tlog\rc.command.1.tlog
m:\msc\2202875-computer-games-technology\cmp502-programming for games\practicals\lab 02 - (27.09.23)\tutorial 2\engine\bin\desktop_2015\x64\debug\directxt.2c4f0429.tlog\rc.read.1.tlog
m:\msc\2202875-computer-games-technology\cmp502-programming for games\practicals\lab 02 - (27.09.23)\tutorial 2\engine\bin\desktop_2015\x64\debug\directxt.2c4f0429.tlog\rc.write.1.tlog
